<?xml version="1.0" encoding="UTF-8"?>
<!-- Generated by org.testng.reporters.JUnitXMLReporter -->
<testsuite hostname="Muhammad-Adnan" ignored="0" name="BankingApp Test" tests="1" failures="0" timestamp="2020-11-29T16:00:34 PKT" time="2.748" errors="0">
  <testcase name="@BeforeClass setup" time="2.486" classname="com.inetbanking.testCases.BaseClass">
    <failure type="org.openqa.selenium.SessionNotCreatedException" message="session not created: This version of ChromeDriver only supports Chrome version 85
Build info: version: &amp;apos;3.141.59&amp;apos;, revision: &amp;apos;e82be7d358&amp;apos;, time: &amp;apos;2018-11-14T08:17:03&amp;apos;
System info: host: &amp;apos;MUHAMMAD-ADNAN&amp;apos;, ip: &amp;apos;192.168.43.253&amp;apos;, os.name: &amp;apos;Windows 10&amp;apos;, os.arch: &amp;apos;amd64&amp;apos;, os.version: &amp;apos;10.0&amp;apos;, java.version: &amp;apos;1.8.0_191&amp;apos;
Driver info: driver.version: ChromeDriver
remote stacktrace: Backtrace:
	Ordinal0 [0x0099D383+3134339]
	Ordinal0 [0x0088A171+2007409]
	Ordinal0 [0x0072AEE8+569064]
	Ordinal0 [0x006B139F+70559]
	Ordinal0 [0x006ACC63+52323]
	Ordinal0 [0x006D0DFC+200188]
	Ordinal0 [0x006D0C1D+199709]
	Ordinal0 [0x006CEB0B+191243]
	Ordinal0 [0x006B2E77+77431]
	Ordinal0 [0x006B3E3E+81470]
	Ordinal0 [0x006B3DC9+81353]
	Ordinal0 [0x008A0CD9+2100441]
	GetHandleVerifier [0x00B0B75A+1396954]
	GetHandleVerifier [0x00B0B3D9+1396057]
	GetHandleVerifier [0x00B17126+1444518]
	GetHandleVerifier [0x00B0BCE8+1398376]
	Ordinal0 [0x00897F51+2064209]
	Ordinal0 [0x008A22EB+2106091]
	Ordinal0 [0x008A2411+2106385]
	Ordinal0 [0x008B49C4+2181572]
	BaseThreadInitThunk [0x776B6359+25]
	RtlGetAppContainerNamedObjectPath [0x77BE8944+228]
	RtlGetAppContainerNamedObjectPath [0x77BE8914+180]
">
      <![CDATA[org.openqa.selenium.SessionNotCreatedException: session not created: This version of ChromeDriver only supports Chrome version 85
Build info: version: '3.141.59', revision: 'e82be7d358', time: '2018-11-14T08:17:03'
System info: host: 'MUHAMMAD-ADNAN', ip: '192.168.43.253', os.name: 'Windows 10', os.arch: 'amd64', os.version: '10.0', java.version: '1.8.0_191'
Driver info: driver.version: ChromeDriver
remote stacktrace: Backtrace:
Ordinal0 [0x0099D383+3134339]
Ordinal0 [0x0088A171+2007409]
Ordinal0 [0x0072AEE8+569064]
Ordinal0 [0x006B139F+70559]
Ordinal0 [0x006ACC63+52323]
Ordinal0 [0x006D0DFC+200188]
Ordinal0 [0x006D0C1D+199709]
Ordinal0 [0x006CEB0B+191243]
Ordinal0 [0x006B2E77+77431]
Ordinal0 [0x006B3E3E+81470]
Ordinal0 [0x006B3DC9+81353]
Ordinal0 [0x008A0CD9+2100441]
GetHandleVerifier [0x00B0B75A+1396954]
GetHandleVerifier [0x00B0B3D9+1396057]
GetHandleVerifier [0x00B17126+1444518]
GetHandleVerifier [0x00B0BCE8+1398376]
Ordinal0 [0x00897F51+2064209]
Ordinal0 [0x008A22EB+2106091]
Ordinal0 [0x008A2411+2106385]
Ordinal0 [0x008B49C4+2181572]
BaseThreadInitThunk [0x776B6359+25]
RtlGetAppContainerNamedObjectPath [0x77BE8944+228]
RtlGetAppContainerNamedObjectPath [0x77BE8914+180]

at org.openqa.selenium.remote.W3CHandshakeResponse.lambda$errorHandler$0(W3CHandshakeResponse.java:62)
at org.openqa.selenium.remote.HandshakeResponse.lambda$getResponseFunction$0(HandshakeResponse.java:30)
at org.openqa.selenium.remote.ProtocolHandshake.lambda$createSession$0(ProtocolHandshake.java:126)
at java.util.stream.ReferencePipeline$3$1.accept(ReferencePipeline.java:193)
at java.util.Spliterators$ArraySpliterator.tryAdvance(Spliterators.java:958)
at java.util.stream.ReferencePipeline.forEachWithCancel(ReferencePipeline.java:126)
at java.util.stream.AbstractPipeline.copyIntoWithCancel(AbstractPipeline.java:498)
at java.util.stream.AbstractPipeline.copyInto(AbstractPipeline.java:485)
at java.util.stream.AbstractPipeline.wrapAndCopyInto(AbstractPipeline.java:471)
at java.util.stream.FindOps$FindOp.evaluateSequential(FindOps.java:152)
at java.util.stream.AbstractPipeline.evaluate(AbstractPipeline.java:234)
at java.util.stream.ReferencePipeline.findFirst(ReferencePipeline.java:464)
at org.openqa.selenium.remote.ProtocolHandshake.createSession(ProtocolHandshake.java:128)
at org.openqa.selenium.remote.ProtocolHandshake.createSession(ProtocolHandshake.java:74)
at org.openqa.selenium.remote.HttpCommandExecutor.execute(HttpCommandExecutor.java:136)
at org.openqa.selenium.remote.service.DriverCommandExecutor.execute(DriverCommandExecutor.java:83)
at org.openqa.selenium.remote.RemoteWebDriver.execute(RemoteWebDriver.java:552)
at org.openqa.selenium.remote.RemoteWebDriver.startSession(RemoteWebDriver.java:213)
at org.openqa.selenium.remote.RemoteWebDriver.<init>(RemoteWebDriver.java:131)
at org.openqa.selenium.chrome.ChromeDriver.<init>(ChromeDriver.java:181)
at org.openqa.selenium.chrome.ChromeDriver.<init>(ChromeDriver.java:168)
at org.openqa.selenium.chrome.ChromeDriver.<init>(ChromeDriver.java:123)
at com.inetbanking.testCases.BaseClass.setup(BaseClass.java:54)
at java.util.ArrayList.forEach(ArrayList.java:1257)
... Removed 29 stack frames]]>
    </failure>
  </testcase> <!-- @BeforeClass setup -->
  <testcase name="@AfterClass tearDown" time="-1.606647634208E9" classname="com.inetbanking.testCases.BaseClass">
    <skipped/>
  </testcase> <!-- @AfterClass tearDown -->
  <testcase name="loginTest" time="0.0" classname="com.inetbanking.testCases.TC_LoginTest_001">
    <skipped/>
  </testcase> <!-- loginTest -->
</testsuite> <!-- BankingApp Test -->
